<?xml version="1.0" encoding="UTF-8"?>
<testng-results ignored="0" total="1" passed="1" failed="0" skipped="0">
  <reporter-output>
  </reporter-output>
  <suite started-at="2025-02-27T19:49:45 IST" name="Default suite" finished-at="2025-02-27T19:50:20 IST" duration-ms="34933">
    <groups>
    </groups>
    <test started-at="2025-02-27T19:49:45 IST" name="Default test" finished-at="2025-02-27T19:50:20 IST" duration-ms="34933">
      <class name="Selenium_Automation_Testing.UserRegistration">
        <test-method is-config="true" signature="SetUp()[pri:0, instance:Selenium_Automation_Testing.UserRegistration@3c46e67a]" started-at="2025-02-27T19:49:45 IST" name="SetUp" finished-at="2025-02-27T19:49:46 IST" duration-ms="1419" status="PASS">
          <reporter-output>
          </reporter-output>
        </test-method> <!-- SetUp -->
        <test-method signature="CreateAccountTest()[pri:0, instance:Selenium_Automation_Testing.UserRegistration@3c46e67a]" started-at="2025-02-27T19:49:46 IST" name="CreateAccountTest" finished-at="2025-02-27T19:50:20 IST" duration-ms="33473" status="PASS">
          <reporter-output>
          </reporter-output>
        </test-method> <!-- CreateAccountTest -->
      </class> <!-- Selenium_Automation_Testing.UserRegistration -->
    </test> <!-- Default test -->
  </suite> <!-- Default suite -->
</testng-results>
